#! /usr/local/bin/vvp
:ivl_version "12.0 (stable)" "(v12_0)";
:ivl_delay_selection "TYPICAL";
:vpi_time_precision - 12;
:vpi_module "/usr/local/lib/ivl/system.vpi";
:vpi_module "/usr/local/lib/ivl/vhdl_sys.vpi";
:vpi_module "/usr/local/lib/ivl/vhdl_textio.vpi";
:vpi_module "/usr/local/lib/ivl/v2005_math.vpi";
:vpi_module "/usr/local/lib/ivl/va_math.vpi";
S_0x55b6b84150b0 .scope module, "up_down_counter_tb" "up_down_counter_tb" 2 9;
 .timescale -9 -12;
v0x55b6b8442d30_0 .var "clk", 0 0;
v0x55b6b8442df0_0 .net "count", 3 0, v0x55b6b84172e0_0;  1 drivers
v0x55b6b8442ec0_0 .var "enable", 0 0;
v0x55b6b8442fc0_0 .var "reset", 0 0;
v0x55b6b8443090_0 .var "set", 0 0;
v0x55b6b8443180_0 .var "set_value", 3 0;
v0x55b6b8443250_0 .var "up_down", 0 0;
S_0x55b6b8428b30 .scope module, "dut" "up_down_counter" 2 20, 3 1 0, S_0x55b6b84150b0;
 .timescale 0 0;
    .port_info 0 /INPUT 1 "clk";
    .port_info 1 /INPUT 1 "reset";
    .port_info 2 /INPUT 1 "enable";
    .port_info 3 /INPUT 1 "set";
    .port_info 4 /INPUT 4 "set_value";
    .port_info 5 /INPUT 1 "up_down";
    .port_info 6 /OUTPUT 4 "count";
v0x55b6b8417240_0 .net "clk", 0 0, v0x55b6b8442d30_0;  1 drivers
v0x55b6b84172e0_0 .var "count", 3 0;
v0x55b6b8442840_0 .net "enable", 0 0, v0x55b6b8442ec0_0;  1 drivers
v0x55b6b84428e0_0 .net "reset", 0 0, v0x55b6b8442fc0_0;  1 drivers
v0x55b6b84429a0_0 .net "set", 0 0, v0x55b6b8443090_0;  1 drivers
v0x55b6b8442ab0_0 .net "set_value", 3 0, v0x55b6b8443180_0;  1 drivers
v0x55b6b8442b90_0 .net "up_down", 0 0, v0x55b6b8443250_0;  1 drivers
E_0x55b6b8426500 .event posedge, v0x55b6b84428e0_0, v0x55b6b8417240_0;
    .scope S_0x55b6b8428b30;
T_0 ;
    %wait E_0x55b6b8426500;
    %load/vec4 v0x55b6b84428e0_0;
    %flag_set/vec4 8;
    %jmp/0xz  T_0.0, 8;
    %pushi/vec4 0, 0, 4;
    %assign/vec4 v0x55b6b84172e0_0, 0;
    %jmp T_0.1;
T_0.0 ;
    %load/vec4 v0x55b6b8442840_0;
    %flag_set/vec4 8;
    %jmp/0xz  T_0.2, 8;
    %load/vec4 v0x55b6b84429a0_0;
    %flag_set/vec4 8;
    %jmp/0xz  T_0.4, 8;
    %load/vec4 v0x55b6b8442ab0_0;
    %assign/vec4 v0x55b6b84172e0_0, 0;
    %jmp T_0.5;
T_0.4 ;
    %load/vec4 v0x55b6b8442b90_0;
    %flag_set/vec4 8;
    %jmp/0xz  T_0.6, 8;
    %load/vec4 v0x55b6b84172e0_0;
    %addi 1, 0, 4;
    %assign/vec4 v0x55b6b84172e0_0, 0;
    %jmp T_0.7;
T_0.6 ;
    %load/vec4 v0x55b6b84172e0_0;
    %subi 1, 0, 4;
    %assign/vec4 v0x55b6b84172e0_0, 0;
T_0.7 ;
T_0.5 ;
T_0.2 ;
T_0.1 ;
    %jmp T_0;
    .thread T_0;
    .scope S_0x55b6b84150b0;
T_1 ;
    %delay 5000, 0;
    %load/vec4 v0x55b6b8442d30_0;
    %inv;
    %store/vec4 v0x55b6b8442d30_0, 0, 1;
    %jmp T_1;
    .thread T_1;
    .scope S_0x55b6b84150b0;
T_2 ;
    %pushi/vec4 0, 0, 1;
    %store/vec4 v0x55b6b8442d30_0, 0, 1;
    %pushi/vec4 0, 0, 1;
    %store/vec4 v0x55b6b8442fc0_0, 0, 1;
    %pushi/vec4 0, 0, 1;
    %store/vec4 v0x55b6b8442ec0_0, 0, 1;
    %pushi/vec4 0, 0, 1;
    %store/vec4 v0x55b6b8443090_0, 0, 1;
    %pushi/vec4 1, 0, 1;
    %store/vec4 v0x55b6b8443250_0, 0, 1;
    %pushi/vec4 0, 0, 4;
    %store/vec4 v0x55b6b8443180_0, 0, 4;
    %delay 40000, 0;
    %pushi/vec4 1, 0, 1;
    %store/vec4 v0x55b6b8442fc0_0, 0, 1;
    %load/vec4 v0x55b6b8442df0_0;
    %cmpi/ne 0, 0, 4;
    %jmp/0xz  T_2.0, 6;
    %vpi_call 2 42 "$display", "ASSERTION FAILED in %m: count != 4'b0000" {0 0 0};
    %vpi_call 2 43 "$display", "Expected: %b", 4'b0000 {0 0 0};
    %vpi_call 2 44 "$display", "Received: %b", v0x55b6b8442df0_0 {0 0 0};
    %vpi_call 2 45 "$finish" {0 0 0};
T_2.0 ;
    %delay 40000, 0;
    %pushi/vec4 0, 0, 1;
    %store/vec4 v0x55b6b8442fc0_0, 0, 1;
    %pushi/vec4 1, 0, 1;
    %store/vec4 v0x55b6b8442ec0_0, 0, 1;
    %pushi/vec4 1, 0, 1;
    %store/vec4 v0x55b6b8443090_0, 0, 1;
    %pushi/vec4 10, 0, 4;
    %store/vec4 v0x55b6b8443180_0, 0, 4;
    %delay 40000, 0;
    %pushi/vec4 0, 0, 1;
    %store/vec4 v0x55b6b8443090_0, 0, 1;
    %pushi/vec4 0, 0, 1;
    %store/vec4 v0x55b6b8442ec0_0, 0, 1;
    %delay 40000, 0;
    %pushi/vec4 1, 0, 1;
    %store/vec4 v0x55b6b8442ec0_0, 0, 1;
    %pushi/vec4 0, 0, 1;
    %store/vec4 v0x55b6b8443250_0, 0, 1;
    %delay 40000, 0;
    %pushi/vec4 1, 0, 1;
    %store/vec4 v0x55b6b8443250_0, 0, 1;
    %pushi/vec4 0, 0, 1;
    %store/vec4 v0x55b6b8442ec0_0, 0, 1;
    %pushi/vec4 0, 0, 4;
    %store/vec4 v0x55b6b8443180_0, 0, 4;
    %pushi/vec4 1, 0, 1;
    %store/vec4 v0x55b6b8443090_0, 0, 1;
    %delay 40000, 0;
    %pushi/vec4 0, 0, 1;
    %store/vec4 v0x55b6b8443090_0, 0, 1;
    %pushi/vec4 1, 0, 1;
    %store/vec4 v0x55b6b8442ec0_0, 0, 1;
    %delay 40000, 0;
    %pushi/vec4 0, 0, 1;
    %store/vec4 v0x55b6b8442ec0_0, 0, 1;
    %vpi_call 2 58 "$finish" {0 0 0};
    %end;
    .thread T_2;
    .scope S_0x55b6b84150b0;
T_3 ;
    %vpi_call 2 62 "$monitor", "Time = %0t | Reset = %b | Set = %b | Set Value = %b | Enable = %b | Up_Down = %b | Count = %b", $time, v0x55b6b8442fc0_0, v0x55b6b8443090_0, v0x55b6b8443180_0, v0x55b6b8442ec0_0, v0x55b6b8443250_0, v0x55b6b8442df0_0 {0 0 0};
    %end;
    .thread T_3;
# The file index is used to find the file name in the following table.
:file_names 4;
    "N/A";
    "<interactive>";
    "tb_counter.v";
    "up_down_counter.v";
